
Dec 31, 2020 23:56:36.317 NEW SESSION
Dec 31, 2020 23:56:36.318 [17008:5476:1231/235636.256:ERROR:device_event_log_impl.cc(211)] [23:56:36.256] USB: usb_device_handle_win.cc:1020 Failed to read descriptor from node connection: A device attached to the system is not functioning. (0x1F)
Dec 31, 2020 23:56:36.319 [17008:5476:1231/235636.264:ERROR:device_event_log_impl.cc(211)] [23:56:36.263] USB: usb_device_handle_win.cc:1020 Failed to read descriptor from node connection: A device attached to the system is not functioning. (0x1F)
Dec 31, 2020 23:56:36.379 [17008:5476:1231/235636.378:ERROR:device_event_log_impl.cc(211)] [23:56:36.378] Bluetooth: bluetooth_adapter_winrt.cc:1204 Getting Radio failed. Chrome will be unable to change the power state by itself.
Dec 31, 2020 23:56:36.462 [17008:5476:1231/235636.461:ERROR:device_event_log_impl.cc(211)] [23:56:36.461] Bluetooth: bluetooth_adapter_winrt.cc:1282 OnPoweredRadioAdded(), Number of Powered Radios: 1
Dec 31, 2020 23:56:36.465 [17008:5476:1231/235636.464:ERROR:device_event_log_impl.cc(211)] [23:56:36.464] Bluetooth: bluetooth_adapter_winrt.cc:1297 OnPoweredRadiosEnumerated(), Number of Powered Radios: 1
Dec 31, 2020 23:56:42.872 [17008:20192:1231/235642.871:ERROR:get_updates_processor.cc(256)] PostClientToServerMessage() failed during GetUpdates with error 2
Jan 01, 2021 24:06:30.976 [0101/000630.971:ERROR:directory_reader_win.cc(43)] FindFirstFile: The system cannot find the path specified. (0x3)

Jan 01, 2021 01:37:12.920 NEW SESSION
Jan 01, 2021 01:37:12.921 [16896:13248:0101/013712.914:ERROR:device_event_log_impl.cc(211)] [01:37:12.914] USB: usb_device_handle_win.cc:1020 Failed to read descriptor from node connection: A device attached to the system is not functioning. (0x1F)
Jan 01, 2021 01:37:12.923 [16896:13248:0101/013712.920:ERROR:device_event_log_impl.cc(211)] [01:37:12.920] USB: usb_device_handle_win.cc:1020 Failed to read descriptor from node connection: A device attached to the system is not functioning. (0x1F)
Jan 01, 2021 01:37:13.64 [16896:13248:0101/013713.063:ERROR:device_event_log_impl.cc(211)] [01:37:13.062] Bluetooth: bluetooth_adapter_winrt.cc:1204 Getting Radio failed. Chrome will be unable to change the power state by itself.
Jan 01, 2021 01:37:13.183 [16896:13248:0101/013713.182:ERROR:device_event_log_impl.cc(211)] [01:37:13.182] Bluetooth: bluetooth_adapter_winrt.cc:1282 OnPoweredRadioAdded(), Number of Powered Radios: 1
Jan 01, 2021 01:37:13.187 [16896:13248:0101/013713.184:ERROR:device_event_log_impl.cc(211)] [01:37:13.184] Bluetooth: bluetooth_adapter_winrt.cc:1297 OnPoweredRadiosEnumerated(), Number of Powered Radios: 1

Jan 02, 2021 15:39:08.971 NEW SESSION
Jan 02, 2021 15:39:08.972 [19524:6452:0102/153908.900:ERROR:device_event_log_impl.cc(211)] [15:39:08.900] USB: usb_device_handle_win.cc:1020 Failed to read descriptor from node connection: A device attached to the system is not functioning. (0x1F)
Jan 02, 2021 15:39:09.531 [19524:6452:0102/153908.903:ERROR:device_event_log_impl.cc(211)] [15:39:08.904] USB: usb_device_handle_win.cc:1020 Failed to read descriptor from node connection: A device attached to the system is not functioning. (0x1F)
Jan 02, 2021 15:39:09.532 [19524:6452:0102/153908.905:ERROR:device_event_log_impl.cc(211)] [15:39:08.905] USB: usb_device_handle_win.cc:1020 Failed to read descriptor from node connection: A device attached to the system is not functioning. (0x1F)
Jan 02, 2021 15:39:10.563 [19524:6452:0102/153910.562:ERROR:device_event_log_impl.cc(211)] [15:39:10.562] Bluetooth: bluetooth_adapter_winrt.cc:1204 Getting Radio failed. Chrome will be unable to change the power state by itself.
Jan 02, 2021 15:39:10.862 [19524:6452:0102/153910.860:ERROR:device_event_log_impl.cc(211)] [15:39:10.861] Bluetooth: bluetooth_adapter_winrt.cc:1282 OnPoweredRadioAdded(), Number of Powered Radios: 1
Jan 02, 2021 15:39:10.866 [19524:6452:0102/153910.864:ERROR:device_event_log_impl.cc(211)] [15:39:10.864] Bluetooth: bluetooth_adapter_winrt.cc:1297 OnPoweredRadiosEnumerated(), Number of Powered Radios: 1
Jan 02, 2021 15:48:43.119 [0102/154843.115:ERROR:directory_reader_win.cc(43)] FindFirstFile: The system cannot find the path specified. (0x3)
Jan 02, 2021 15:55:43.112 [19524:4020:0102/155543.112:ERROR:connection_factory_impl.cc(428)] Failed to connect to MCS endpoint with error -105
Jan 02, 2021 15:55:55.463 [19524:4020:0102/155555.437:ERROR:connection_factory_impl.cc(428)] Failed to connect to MCS endpoint with error -105
Jan 02, 2021 15:56:03.500 [19524:6452:0102/155603.499:ERROR:device_event_log_impl.cc(211)] [15:56:03.498] USB: usb_service_win.cc:258 Failed to get device driver name: Element not found. (0x490)

Jan 03, 2021 15:17:35.337 NEW SESSION
Jan 03, 2021 15:17:35.338 [12504:18720:0103/151735.334:ERROR:device_event_log_impl.cc(211)] [15:17:35.333] USB: usb_device_handle_win.cc:1020 Failed to read descriptor from node connection: A device attached to the system is not functioning. (0x1F)
Jan 03, 2021 15:17:35.383 [12504:18720:0103/151735.340:ERROR:device_event_log_impl.cc(211)] [15:17:35.340] USB: usb_device_handle_win.cc:1020 Failed to read descriptor from node connection: A device attached to the system is not functioning. (0x1F)
Jan 03, 2021 15:17:37.188 [12504:18720:0103/151737.187:ERROR:device_event_log_impl.cc(211)] [15:17:37.187] Bluetooth: bluetooth_adapter_winrt.cc:1204 Getting Radio failed. Chrome will be unable to change the power state by itself.
Jan 03, 2021 15:17:37.413 [12504:18720:0103/151737.412:ERROR:device_event_log_impl.cc(211)] [15:17:37.412] Bluetooth: bluetooth_adapter_winrt.cc:1282 OnPoweredRadioAdded(), Number of Powered Radios: 1
Jan 03, 2021 15:17:37.415 [12504:18720:0103/151737.415:ERROR:device_event_log_impl.cc(211)] [15:17:37.414] Bluetooth: bluetooth_adapter_winrt.cc:1297 OnPoweredRadiosEnumerated(), Number of Powered Radios: 1
Jan 03, 2021 15:27:20.904 [0103/152720.900:ERROR:directory_reader_win.cc(43)] FindFirstFile: The system cannot find the path specified. (0x3)
Jan 03, 2021 15:28:33.573 [17296:18816:0103/152833.572:ERROR:device_event_log_impl.cc(211)] [15:28:33.572] USB: usb_device_handle_win.cc:1020 Failed to read descriptor from node connection: A device attached to the system is not functioning. (0x1F)
Jan 03, 2021 15:28:33.580 [17296:18816:0103/152833.579:ERROR:device_event_log_impl.cc(211)] [15:28:33.579] USB: usb_device_handle_win.cc:1020 Failed to read descriptor from node connection: A device attached to the system is not functioning. (0x1F)
Jan 03, 2021 15:28:33.682 [17296:18816:0103/152833.682:ERROR:device_event_log_impl.cc(211)] [15:28:33.682] Bluetooth: bluetooth_adapter_winrt.cc:1204 Getting Radio failed. Chrome will be unable to change the power state by itself.
Jan 03, 2021 15:28:33.756 [17296:18816:0103/152833.755:ERROR:device_event_log_impl.cc(211)] [15:28:33.756] Bluetooth: bluetooth_adapter_winrt.cc:1282 OnPoweredRadioAdded(), Number of Powered Radios: 1
Jan 03, 2021 15:28:33.758 [17296:18816:0103/152833.757:ERROR:device_event_log_impl.cc(211)] [15:28:33.758] Bluetooth: bluetooth_adapter_winrt.cc:1297 OnPoweredRadiosEnumerated(), Number of Powered Radios: 1
Jan 03, 2021 15:38:22.679 [0103/153822.676:ERROR:directory_reader_win.cc(43)] FindFirstFile: The system cannot find the path specified. (0x3)
Jan 03, 2021 15:57:34.712 [9228:544:0103/155734.710:ERROR:device_event_log_impl.cc(211)] [15:57:34.710] USB: usb_device_handle_win.cc:1020 Failed to read descriptor from node connection: A device attached to the system is not functioning. (0x1F)
Jan 03, 2021 15:57:34.721 [9228:544:0103/155734.720:ERROR:device_event_log_impl.cc(211)] [15:57:34.719] USB: usb_device_handle_win.cc:1020 Failed to read descriptor from node connection: A device attached to the system is not functioning. (0x1F)
Jan 03, 2021 15:57:34.839 [9228:544:0103/155734.838:ERROR:device_event_log_impl.cc(211)] [15:57:34.839] Bluetooth: bluetooth_adapter_winrt.cc:1204 Getting Radio failed. Chrome will be unable to change the power state by itself.
Jan 03, 2021 15:57:34.926 [9228:544:0103/155734.924:ERROR:device_event_log_impl.cc(211)] [15:57:34.924] Bluetooth: bluetooth_adapter_winrt.cc:1282 OnPoweredRadioAdded(), Number of Powered Radios: 1
Jan 03, 2021 15:57:34.929 [9228:544:0103/155734.928:ERROR:device_event_log_impl.cc(211)] [15:57:34.928] Bluetooth: bluetooth_adapter_winrt.cc:1297 OnPoweredRadiosEnumerated(), Number of Powered Radios: 1
Jan 03, 2021 15:57:41.501 [9228:19800:0103/155741.500:ERROR:connection_factory_impl.cc(428)] Failed to connect to MCS endpoint with error -105
Jan 03, 2021 15:58:54.334 [8992:652:0103/155854.333:ERROR:device_event_log_impl.cc(211)] [15:58:54.332] USB: usb_device_handle_win.cc:1020 Failed to read descriptor from node connection: A device attached to the system is not functioning. (0x1F)
Jan 03, 2021 15:58:54.342 [8992:652:0103/155854.341:ERROR:device_event_log_impl.cc(211)] [15:58:54.341] USB: usb_device_handle_win.cc:1020 Failed to read descriptor from node connection: A device attached to the system is not functioning. (0x1F)
Jan 03, 2021 15:58:54.474 [8992:652:0103/155854.473:ERROR:device_event_log_impl.cc(211)] [15:58:54.473] Bluetooth: bluetooth_adapter_winrt.cc:1204 Getting Radio failed. Chrome will be unable to change the power state by itself.
Jan 03, 2021 15:58:54.574 [8992:652:0103/155854.573:ERROR:device_event_log_impl.cc(211)] [15:58:54.573] Bluetooth: bluetooth_adapter_winrt.cc:1282 OnPoweredRadioAdded(), Number of Powered Radios: 1
Jan 03, 2021 15:58:54.577 [8992:652:0103/155854.576:ERROR:device_event_log_impl.cc(211)] [15:58:54.576] Bluetooth: bluetooth_adapter_winrt.cc:1297 OnPoweredRadiosEnumerated(), Number of Powered Radios: 1
Jan 03, 2021 16:07:15.390 [404:13840:0103/160715.389:ERROR:device_event_log_impl.cc(211)] [16:07:15.389] USB: usb_device_handle_win.cc:1020 Failed to read descriptor from node connection: A device attached to the system is not functioning. (0x1F)
Jan 03, 2021 16:07:15.393 [404:13840:0103/160715.392:ERROR:device_event_log_impl.cc(211)] [16:07:15.392] USB: usb_device_handle_win.cc:1020 Failed to read descriptor from node connection: A device attached to the system is not functioning. (0x1F)
Jan 03, 2021 16:07:15.521 [404:13840:0103/160715.520:ERROR:device_event_log_impl.cc(211)] [16:07:15.519] Bluetooth: bluetooth_adapter_winrt.cc:1204 Getting Radio failed. Chrome will be unable to change the power state by itself.
Jan 03, 2021 16:07:15.620 [404:13840:0103/160715.619:ERROR:device_event_log_impl.cc(211)] [16:07:15.619] Bluetooth: bluetooth_adapter_winrt.cc:1282 OnPoweredRadioAdded(), Number of Powered Radios: 1
Jan 03, 2021 16:07:15.622 [404:13840:0103/160715.621:ERROR:device_event_log_impl.cc(211)] [16:07:15.621] Bluetooth: bluetooth_adapter_winrt.cc:1297 OnPoweredRadiosEnumerated(), Number of Powered Radios: 1

Jan 07, 2021 21:21:37.585 NEW SESSION
Jan 07, 2021 21:21:37.585 [23648:10856:0107/212137.581:ERROR:device_event_log_impl.cc(211)] [21:21:37.580] USB: usb_device_handle_win.cc:1020 Failed to read descriptor from node connection: A device attached to the system is not functioning. (0x1F)
Jan 07, 2021 21:21:37.646 [23648:10856:0107/212137.584:ERROR:device_event_log_impl.cc(211)] [21:21:37.584] USB: usb_device_handle_win.cc:1020 Failed to read descriptor from node connection: A device attached to the system is not functioning. (0x1F)
Jan 07, 2021 21:21:37.648 [23648:10856:0107/212137.585:ERROR:device_event_log_impl.cc(211)] [21:21:37.585] USB: usb_device_handle_win.cc:1020 Failed to read descriptor from node connection: A device attached to the system is not functioning. (0x1F)
Jan 07, 2021 21:21:39.794 [23648:10856:0107/212139.793:ERROR:device_event_log_impl.cc(211)] [21:21:39.793] Bluetooth: bluetooth_adapter_winrt.cc:1204 Getting Radio failed. Chrome will be unable to change the power state by itself.
Jan 07, 2021 21:21:39.919 [23648:10856:0107/212139.918:ERROR:device_event_log_impl.cc(211)] [21:21:39.918] Bluetooth: bluetooth_adapter_winrt.cc:1282 OnPoweredRadioAdded(), Number of Powered Radios: 1
Jan 07, 2021 21:21:39.922 [23648:10856:0107/212139.921:ERROR:device_event_log_impl.cc(211)] [21:21:39.920] Bluetooth: bluetooth_adapter_winrt.cc:1297 OnPoweredRadiosEnumerated(), Number of Powered Radios: 1
Jan 07, 2021 21:23:25.360 [25376:21520:0107/212325.359:ERROR:device_event_log_impl.cc(211)] [21:23:25.359] USB: usb_device_handle_win.cc:1020 Failed to read descriptor from node connection: A device attached to the system is not functioning. (0x1F)
Jan 07, 2021 21:23:25.367 [25376:21520:0107/212325.366:ERROR:device_event_log_impl.cc(211)] [21:23:25.367] USB: usb_device_handle_win.cc:1020 Failed to read descriptor from node connection: A device attached to the system is not functioning. (0x1F)
Jan 07, 2021 21:23:25.494 [25376:21520:0107/212325.493:ERROR:device_event_log_impl.cc(211)] [21:23:25.493] Bluetooth: bluetooth_adapter_winrt.cc:1204 Getting Radio failed. Chrome will be unable to change the power state by itself.
Jan 07, 2021 21:23:25.572 [25376:21520:0107/212325.571:ERROR:device_event_log_impl.cc(211)] [21:23:25.571] Bluetooth: bluetooth_adapter_winrt.cc:1282 OnPoweredRadioAdded(), Number of Powered Radios: 1
Jan 07, 2021 21:23:25.574 [25376:21520:0107/212325.573:ERROR:device_event_log_impl.cc(211)] [21:23:25.574] Bluetooth: bluetooth_adapter_winrt.cc:1297 OnPoweredRadiosEnumerated(), Number of Powered Radios: 1
Jan 07, 2021 21:33:12.139 [0107/213312.127:ERROR:directory_reader_win.cc(43)] FindFirstFile: The system cannot find the path specified. (0x3)
Jan 07, 2021 21:41:42.840 [25376:18332:0107/214142.839:ERROR:connection_factory_impl.cc(428)] Failed to connect to MCS endpoint with error -105
Jan 07, 2021 21:42:13.231 [25376:18332:0107/214213.230:ERROR:connection_factory_impl.cc(428)] Failed to connect to MCS endpoint with error -105
Jan 07, 2021 21:43:14.438 [25376:18332:0107/214314.437:ERROR:connection_factory_impl.cc(428)] Failed to connect to MCS endpoint with error -106
Jan 07, 2021 21:43:20.303 [25376:21520:0107/214320.302:ERROR:device_event_log_impl.cc(211)] [21:43:20.302] USB: usb_service_win.cc:258 Failed to get device driver name: Element not found. (0x490)
Jan 07, 2021 21:45:20.669 [25376:18332:0107/214520.668:ERROR:connection_factory_impl.cc(428)] Failed to connect to MCS endpoint with error -105
Jan 07, 2021 22:21:49.611 [24872:8012:0107/222149.603:ERROR:device_event_log_impl.cc(211)] [22:21:49.602] USB: usb_device_handle_win.cc:1020 Failed to read descriptor from node connection: A device attached to the system is not functioning. (0x1F)
Jan 07, 2021 22:21:49.624 [24872:8012:0107/222149.617:ERROR:device_event_log_impl.cc(211)] [22:21:49.617] USB: usb_device_handle_win.cc:1020 Failed to read descriptor from node connection: A device attached to the system is not functioning. (0x1F)
Jan 07, 2021 22:21:49.751 [24872:8012:0107/222149.619:ERROR:device_event_log_impl.cc(211)] [22:21:49.618] USB: usb_device_handle_win.cc:1020 Failed to read descriptor from node connection: A device attached to the system is not functioning. (0x1F)
Jan 07, 2021 22:21:50.144 [24872:8012:0107/222150.143:ERROR:device_event_log_impl.cc(211)] [22:21:50.143] Bluetooth: bluetooth_adapter_winrt.cc:1204 Getting Radio failed. Chrome will be unable to change the power state by itself.
Jan 07, 2021 22:21:50.339 [24872:8012:0107/222150.338:ERROR:device_event_log_impl.cc(211)] [22:21:50.337] Bluetooth: bluetooth_adapter_winrt.cc:1282 OnPoweredRadioAdded(), Number of Powered Radios: 1
Jan 07, 2021 22:21:50.341 [24872:8012:0107/222150.340:ERROR:device_event_log_impl.cc(211)] [22:21:50.340] Bluetooth: bluetooth_adapter_winrt.cc:1297 OnPoweredRadiosEnumerated(), Number of Powered Radios: 1
Jan 07, 2021 22:26:49.461 [13360:5164:0107/222649.460:ERROR:device_event_log_impl.cc(211)] [22:26:49.460] USB: usb_device_handle_win.cc:1020 Failed to read descriptor from node connection: A device attached to the system is not functioning. (0x1F)
Jan 07, 2021 22:26:49.473 [13360:5164:0107/222649.472:ERROR:device_event_log_impl.cc(211)] [22:26:49.473] USB: usb_device_handle_win.cc:1020 Failed to read descriptor from node connection: A device attached to the system is not functioning. (0x1F)
Jan 07, 2021 22:26:49.634 [13360:5164:0107/222649.633:ERROR:device_event_log_impl.cc(211)] [22:26:49.633] Bluetooth: bluetooth_adapter_winrt.cc:1204 Getting Radio failed. Chrome will be unable to change the power state by itself.
Jan 07, 2021 22:26:49.765 [13360:5164:0107/222649.763:ERROR:device_event_log_impl.cc(211)] [22:26:49.764] Bluetooth: bluetooth_adapter_winrt.cc:1282 OnPoweredRadioAdded(), Number of Powered Radios: 1
Jan 07, 2021 22:26:49.766 [13360:5164:0107/222649.764:ERROR:device_event_log_impl.cc(211)] [22:26:49.765] Bluetooth: bluetooth_adapter_winrt.cc:1297 OnPoweredRadiosEnumerated(), Number of Powered Radios: 1
Jan 07, 2021 22:26:56.868 [13360:14932:0107/222656.867:ERROR:connection_factory_impl.cc(428)] Failed to connect to MCS endpoint with error -105
Jan 07, 2021 22:26:58.917 [13360:22768:0107/222658.916:ERROR:get_updates_processor.cc(256)] PostClientToServerMessage() failed during GetUpdates with error 2
Jan 07, 2021 22:28:21.731 [13360:25820:0107/222821.730:ERROR:get_updates_processor.cc(256)] PostClientToServerMessage() failed during GetUpdates with error 2
Jan 07, 2021 22:36:39.246 [0107/223639.244:ERROR:directory_reader_win.cc(43)] FindFirstFile: The system cannot find the path specified. (0x3)
Jan 07, 2021 22:38:48.43 [23728:15072:0107/223848.042:ERROR:device_event_log_impl.cc(211)] [22:38:48.043] USB: usb_device_handle_win.cc:1020 Failed to read descriptor from node connection: A device attached to the system is not functioning. (0x1F)
Jan 07, 2021 22:38:48.54 [23728:15072:0107/223848.053:ERROR:device_event_log_impl.cc(211)] [22:38:48.053] USB: usb_device_handle_win.cc:1020 Failed to read descriptor from node connection: A device attached to the system is not functioning. (0x1F)
Jan 07, 2021 22:38:48.178 [23728:15072:0107/223848.177:ERROR:device_event_log_impl.cc(211)] [22:38:48.177] Bluetooth: bluetooth_adapter_winrt.cc:1204 Getting Radio failed. Chrome will be unable to change the power state by itself.
Jan 07, 2021 22:38:48.282 [23728:15072:0107/223848.279:ERROR:device_event_log_impl.cc(211)] [22:38:48.280] Bluetooth: bluetooth_adapter_winrt.cc:1282 OnPoweredRadioAdded(), Number of Powered Radios: 1
Jan 07, 2021 22:38:48.283 [23728:15072:0107/223848.279:ERROR:device_event_log_impl.cc(211)] [22:38:48.280] Bluetooth: bluetooth_adapter_winrt.cc:1297 OnPoweredRadiosEnumerated(), Number of Powered Radios: 1
Jan 07, 2021 22:38:54.736 [23728:8996:0107/223854.735:ERROR:connection_factory_impl.cc(428)] Failed to connect to MCS endpoint with error -105
Jan 07, 2021 22:39:14.454 [23728:23560:0107/223914.453:ERROR:get_updates_processor.cc(256)] PostClientToServerMessage() failed during GetUpdates with error 2

Jan 07, 2021 23:05:08.822 NEW SESSION
Jan 07, 2021 23:05:08.823 [5688:11564:0107/230508.816:ERROR:device_event_log_impl.cc(211)] [23:05:08.816] USB: usb_device_handle_win.cc:1020 Failed to read descriptor from node connection: A device attached to the system is not functioning. (0x1F)
Jan 07, 2021 23:05:08.867 [5688:11564:0107/230508.818:ERROR:device_event_log_impl.cc(211)] [23:05:08.818] USB: usb_device_handle_win.cc:1020 Failed to read descriptor from node connection: A device attached to the system is not functioning. (0x1F)
Jan 07, 2021 23:05:08.964 [5688:11564:0107/230508.963:ERROR:device_event_log_impl.cc(211)] [23:05:08.963] Bluetooth: bluetooth_adapter_winrt.cc:1204 Getting Radio failed. Chrome will be unable to change the power state by itself.
Jan 07, 2021 23:05:09.109 [5688:11564:0107/230509.109:ERROR:device_event_log_impl.cc(211)] [23:05:09.108] Bluetooth: bluetooth_adapter_winrt.cc:1282 OnPoweredRadioAdded(), Number of Powered Radios: 1
Jan 07, 2021 23:05:09.134 [5688:11564:0107/230509.133:ERROR:device_event_log_impl.cc(211)] [23:05:09.133] Bluetooth: bluetooth_adapter_winrt.cc:1297 OnPoweredRadiosEnumerated(), Number of Powered Radios: 1
Jan 07, 2021 23:07:28.456 [14208:14220:0107/230728.455:ERROR:device_event_log_impl.cc(211)] [23:07:28.455] USB: usb_device_handle_win.cc:1020 Failed to read descriptor from node connection: A device attached to the system is not functioning. (0x1F)
Jan 07, 2021 23:07:28.464 [14208:14220:0107/230728.463:ERROR:device_event_log_impl.cc(211)] [23:07:28.462] USB: usb_device_handle_win.cc:1020 Failed to read descriptor from node connection: A device attached to the system is not functioning. (0x1F)
Jan 07, 2021 23:07:28.572 [14208:14220:0107/230728.571:ERROR:device_event_log_impl.cc(211)] [23:07:28.570] Bluetooth: bluetooth_adapter_winrt.cc:1204 Getting Radio failed. Chrome will be unable to change the power state by itself.
Jan 07, 2021 23:07:28.651 [14208:14220:0107/230728.650:ERROR:device_event_log_impl.cc(211)] [23:07:28.650] Bluetooth: bluetooth_adapter_winrt.cc:1282 OnPoweredRadioAdded(), Number of Powered Radios: 1
Jan 07, 2021 23:07:28.654 [14208:14220:0107/230728.653:ERROR:device_event_log_impl.cc(211)] [23:07:28.653] Bluetooth: bluetooth_adapter_winrt.cc:1297 OnPoweredRadiosEnumerated(), Number of Powered Radios: 1
Jan 07, 2021 23:08:18.600 [13648:8024:0107/230818.599:ERROR:device_event_log_impl.cc(211)] [23:08:18.599] USB: usb_device_handle_win.cc:1020 Failed to read descriptor from node connection: A device attached to the system is not functioning. (0x1F)
Jan 07, 2021 23:08:18.608 [13648:8024:0107/230818.607:ERROR:device_event_log_impl.cc(211)] [23:08:18.607] USB: usb_device_handle_win.cc:1020 Failed to read descriptor from node connection: A device attached to the system is not functioning. (0x1F)
Jan 07, 2021 23:08:18.753 [13648:8024:0107/230818.752:ERROR:device_event_log_impl.cc(211)] [23:08:18.751] Bluetooth: bluetooth_adapter_winrt.cc:1204 Getting Radio failed. Chrome will be unable to change the power state by itself.
Jan 07, 2021 23:08:18.829 [13648:8024:0107/230818.828:ERROR:device_event_log_impl.cc(211)] [23:08:18.828] Bluetooth: bluetooth_adapter_winrt.cc:1282 OnPoweredRadioAdded(), Number of Powered Radios: 1
Jan 07, 2021 23:08:18.831 [13648:8024:0107/230818.830:ERROR:device_event_log_impl.cc(211)] [23:08:18.831] Bluetooth: bluetooth_adapter_winrt.cc:1297 OnPoweredRadiosEnumerated(), Number of Powered Radios: 1
Jan 07, 2021 23:08:28.101 [13648:13532:0107/230828.100:ERROR:connection_factory_impl.cc(428)] Failed to connect to MCS endpoint with error -105
Jan 07, 2021 23:08:57.700 [13648:13532:0107/230857.699:ERROR:connection_factory_impl.cc(428)] Failed to connect to MCS endpoint with error -105
Jan 07, 2021 23:10:57.602 [11312:4040:0107/231057.601:ERROR:device_event_log_impl.cc(211)] [23:10:57.601] USB: usb_device_handle_win.cc:1020 Failed to read descriptor from node connection: A device attached to the system is not functioning. (0x1F)
Jan 07, 2021 23:10:57.613 [11312:4040:0107/231057.612:ERROR:device_event_log_impl.cc(211)] [23:10:57.612] USB: usb_device_handle_win.cc:1020 Failed to read descriptor from node connection: A device attached to the system is not functioning. (0x1F)
Jan 07, 2021 23:10:57.747 [11312:4040:0107/231057.745:ERROR:device_event_log_impl.cc(211)] [23:10:57.745] Bluetooth: bluetooth_adapter_winrt.cc:1204 Getting Radio failed. Chrome will be unable to change the power state by itself.
Jan 07, 2021 23:10:57.863 [11312:4040:0107/231057.862:ERROR:device_event_log_impl.cc(211)] [23:10:57.861] Bluetooth: bluetooth_adapter_winrt.cc:1282 OnPoweredRadioAdded(), Number of Powered Radios: 1
Jan 07, 2021 23:10:57.866 [11312:4040:0107/231057.865:ERROR:device_event_log_impl.cc(211)] [23:10:57.864] Bluetooth: bluetooth_adapter_winrt.cc:1297 OnPoweredRadiosEnumerated(), Number of Powered Radios: 1

Jan 07, 2021 23:22:21.797 NEW SESSION
Jan 07, 2021 23:22:21.798 [11536:11388:0107/232221.792:ERROR:device_event_log_impl.cc(211)] [23:22:21.792] USB: usb_device_handle_win.cc:1020 Failed to read descriptor from node connection: A device attached to the system is not functioning. (0x1F)
Jan 07, 2021 23:22:21.802 [11536:11388:0107/232221.800:ERROR:device_event_log_impl.cc(211)] [23:22:21.800] USB: usb_device_handle_win.cc:1020 Failed to read descriptor from node connection: A device attached to the system is not functioning. (0x1F)
Jan 07, 2021 23:22:21.938 [11536:11388:0107/232221.937:ERROR:device_event_log_impl.cc(211)] [23:22:21.936] Bluetooth: bluetooth_adapter_winrt.cc:1204 Getting Radio failed. Chrome will be unable to change the power state by itself.
Jan 07, 2021 23:22:22.34 [11536:11388:0107/232222.033:ERROR:device_event_log_impl.cc(211)] [23:22:22.032] Bluetooth: bluetooth_adapter_winrt.cc:1282 OnPoweredRadioAdded(), Number of Powered Radios: 1
Jan 07, 2021 23:22:22.37 [11536:11388:0107/232222.036:ERROR:device_event_log_impl.cc(211)] [23:22:22.035] Bluetooth: bluetooth_adapter_winrt.cc:1297 OnPoweredRadiosEnumerated(), Number of Powered Radios: 1
Jan 07, 2021 23:24:06.264 [2532:680:0107/232406.263:ERROR:device_event_log_impl.cc(211)] [23:24:06.262] USB: usb_device_handle_win.cc:1020 Failed to read descriptor from node connection: A device attached to the system is not functioning. (0x1F)
Jan 07, 2021 23:24:06.273 [2532:680:0107/232406.272:ERROR:device_event_log_impl.cc(211)] [23:24:06.271] USB: usb_device_handle_win.cc:1020 Failed to read descriptor from node connection: A device attached to the system is not functioning. (0x1F)
Jan 07, 2021 23:24:06.389 [2532:680:0107/232406.388:ERROR:device_event_log_impl.cc(211)] [23:24:06.388] Bluetooth: bluetooth_adapter_winrt.cc:1204 Getting Radio failed. Chrome will be unable to change the power state by itself.
Jan 07, 2021 23:24:06.470 [2532:680:0107/232406.469:ERROR:device_event_log_impl.cc(211)] [23:24:06.469] Bluetooth: bluetooth_adapter_winrt.cc:1282 OnPoweredRadioAdded(), Number of Powered Radios: 1
Jan 07, 2021 23:24:06.473 [2532:680:0107/232406.472:ERROR:device_event_log_impl.cc(211)] [23:24:06.472] Bluetooth: bluetooth_adapter_winrt.cc:1297 OnPoweredRadiosEnumerated(), Number of Powered Radios: 1
Jan 07, 2021 23:24:07.929 [2532:13008:0107/232407.928:ERROR:connection_factory_impl.cc(428)] Failed to connect to MCS endpoint with error -105

Feb 01, 2021 10:08:36.104 NEW SESSION
Feb 01, 2021 10:08:36.105 [13680:15872:0201/100836.099:ERROR:device_event_log_impl.cc(211)] [10:08:36.099] USB: usb_device_handle_win.cc:1049 Failed to read descriptor from node connection: A device attached to the system is not functioning. (0x1F)
Feb 01, 2021 10:08:36.141 [13680:15872:0201/100836.102:ERROR:device_event_log_impl.cc(211)] [10:08:36.102] USB: usb_device_handle_win.cc:1049 Failed to read descriptor from node connection: A device attached to the system is not functioning. (0x1F)
Feb 01, 2021 10:08:37.449 [13680:15872:0201/100837.448:ERROR:device_event_log_impl.cc(211)] [10:08:37.448] Bluetooth: bluetooth_adapter_winrt.cc:1203 Getting Radio failed. Chrome will be unable to change the power state by itself.
Feb 01, 2021 10:08:37.787 [13680:15872:0201/100837.785:ERROR:device_event_log_impl.cc(211)] [10:08:37.786] Bluetooth: bluetooth_adapter_winrt.cc:1296 OnPoweredRadiosEnumerated(), Number of Powered Radios: 0

Feb 02, 2021 18:40:40.648 NEW SESSION
Feb 02, 2021 18:40:40.649 [16600:2720:0202/184040.604:ERROR:device_event_log_impl.cc(211)] [18:40:40.604] USB: usb_device_handle_win.cc:1049 Failed to read descriptor from node connection: A device attached to the system is not functioning. (0x1F)
Feb 02, 2021 18:40:40.692 [16600:2720:0202/184040.611:ERROR:device_event_log_impl.cc(211)] [18:40:40.611] USB: usb_device_handle_win.cc:1049 Failed to read descriptor from node connection: A device attached to the system is not functioning. (0x1F)
Feb 02, 2021 18:40:41.31 [16600:2720:0202/184041.030:ERROR:device_event_log_impl.cc(211)] [18:40:41.030] Bluetooth: bluetooth_adapter_winrt.cc:1203 Getting Radio failed. Chrome will be unable to change the power state by itself.
Feb 02, 2021 18:40:41.132 [16600:2720:0202/184041.129:ERROR:device_event_log_impl.cc(211)] [18:40:41.129] Bluetooth: bluetooth_adapter_winrt.cc:1296 OnPoweredRadiosEnumerated(), Number of Powered Radios: 0

Feb 02, 2021 23:01:43.972 NEW SESSION
Feb 02, 2021 23:01:43.973 [20928:8136:0202/230143.936:ERROR:device_event_log_impl.cc(211)] [23:01:43.936] USB: usb_device_handle_win.cc:1049 Failed to read descriptor from node connection: A device attached to the system is not functioning. (0x1F)
Feb 02, 2021 23:01:44.28 [20928:8136:0202/230143.938:ERROR:device_event_log_impl.cc(211)] [23:01:43.939] USB: usb_device_handle_win.cc:1049 Failed to read descriptor from node connection: A device attached to the system is not functioning. (0x1F)
Feb 02, 2021 23:01:44.491 [20928:8136:0202/230144.490:ERROR:device_event_log_impl.cc(211)] [23:01:44.490] Bluetooth: bluetooth_adapter_winrt.cc:1203 Getting Radio failed. Chrome will be unable to change the power state by itself.
Feb 02, 2021 23:01:44.560 [20928:8136:0202/230144.559:ERROR:device_event_log_impl.cc(211)] [23:01:44.560] Bluetooth: bluetooth_adapter_winrt.cc:1296 OnPoweredRadiosEnumerated(), Number of Powered Radios: 0

Feb 04, 2021 22:54:26.684 NEW SESSION
Feb 04, 2021 22:54:26.685 [9284:19528:0204/225426.680:ERROR:device_event_log_impl.cc(211)] [22:54:26.681] USB: usb_device_handle_win.cc:1049 Failed to read descriptor from node connection: A device attached to the system is not functioning. (0x1F)
Feb 04, 2021 22:54:26.706 [9284:19528:0204/225426.682:ERROR:device_event_log_impl.cc(211)] [22:54:26.683] USB: usb_device_handle_win.cc:1049 Failed to read descriptor from node connection: A device attached to the system is not functioning. (0x1F)
Feb 04, 2021 22:54:26.708 [9284:19528:0204/225426.684:ERROR:device_event_log_impl.cc(211)] [22:54:26.684] USB: usb_device_handle_win.cc:1049 Failed to read descriptor from node connection: A device attached to the system is not functioning. (0x1F)
Feb 04, 2021 22:54:26.709 [9284:19528:0204/225426.685:ERROR:device_event_log_impl.cc(211)] [22:54:26.685] USB: usb_device_handle_win.cc:1049 Failed to read descriptor from node connection: A device attached to the system is not functioning. (0x1F)
Feb 04, 2021 22:54:26.989 [9284:19528:0204/225426.987:ERROR:device_event_log_impl.cc(211)] [22:54:26.988] Bluetooth: bluetooth_adapter_winrt.cc:1203 Getting Radio failed. Chrome will be unable to change the power state by itself.
Feb 04, 2021 22:54:27.341 [9284:19528:0204/225427.340:ERROR:device_event_log_impl.cc(211)] [22:54:27.341] Bluetooth: bluetooth_adapter_winrt.cc:1296 OnPoweredRadiosEnumerated(), Number of Powered Radios: 0

Feb 05, 2021 09:24:08.532 NEW SESSION
Feb 05, 2021 09:24:08.532 [3552:4696:0205/092408.505:ERROR:device_event_log_impl.cc(211)] [09:24:08.505] USB: usb_device_handle_win.cc:1049 Failed to read descriptor from node connection: A device attached to the system is not functioning. (0x1F)
Feb 05, 2021 09:24:08.592 [3552:4696:0205/092408.507:ERROR:device_event_log_impl.cc(211)] [09:24:08.507] USB: usb_device_handle_win.cc:1049 Failed to read descriptor from node connection: A device attached to the system is not functioning. (0x1F)
Feb 05, 2021 09:24:10.171 [3552:4696:0205/092410.170:ERROR:device_event_log_impl.cc(211)] [09:24:10.170] Bluetooth: bluetooth_adapter_winrt.cc:1203 Getting Radio failed. Chrome will be unable to change the power state by itself.
Feb 05, 2021 09:24:10.343 [3552:4696:0205/092410.342:ERROR:device_event_log_impl.cc(211)] [09:24:10.342] Bluetooth: bluetooth_adapter_winrt.cc:1296 OnPoweredRadiosEnumerated(), Number of Powered Radios: 0
Feb 05, 2021 14:09:20.433 [17124:19764:0205/140920.415:ERROR:device_event_log_impl.cc(211)] [14:09:20.415] USB: usb_device_handle_win.cc:1049 Failed to read descriptor from node connection: A device attached to the system is not functioning. (0x1F)
Feb 05, 2021 14:09:20.447 [17124:19764:0205/140920.420:ERROR:device_event_log_impl.cc(211)] [14:09:20.420] USB: usb_device_handle_win.cc:1049 Failed to read descriptor from node connection: A device attached to the system is not functioning. (0x1F)
Feb 05, 2021 14:09:20.553 [17124:19764:0205/140920.552:ERROR:device_event_log_impl.cc(211)] [14:09:20.552] Bluetooth: bluetooth_adapter_winrt.cc:1203 Getting Radio failed. Chrome will be unable to change the power state by itself.
Feb 05, 2021 14:09:20.622 [17124:19764:0205/140920.621:ERROR:device_event_log_impl.cc(211)] [14:09:20.621] Bluetooth: bluetooth_adapter_winrt.cc:1296 OnPoweredRadiosEnumerated(), Number of Powered Radios: 0

Feb 05, 2021 21:46:59.682 NEW SESSION
Feb 05, 2021 21:46:59.683 [16604:12416:0205/214659.677:ERROR:device_event_log_impl.cc(211)] [21:46:59.676] USB: usb_device_handle_win.cc:1049 Failed to read descriptor from node connection: A device attached to the system is not functioning. (0x1F)
Feb 05, 2021 21:46:59.722 [16604:12416:0205/214659.684:ERROR:device_event_log_impl.cc(211)] [21:46:59.683] USB: usb_device_handle_win.cc:1049 Failed to read descriptor from node connection: A device attached to the system is not functioning. (0x1F)
Feb 05, 2021 21:46:59.872 [16604:12416:0205/214659.871:ERROR:device_event_log_impl.cc(211)] [21:46:59.871] Bluetooth: bluetooth_adapter_winrt.cc:1203 Getting Radio failed. Chrome will be unable to change the power state by itself.
Feb 05, 2021 21:46:59.970 [16604:12416:0205/214659.967:ERROR:device_event_log_impl.cc(211)] [21:46:59.967] Bluetooth: bluetooth_adapter_winrt.cc:1296 OnPoweredRadiosEnumerated(), Number of Powered Radios: 0
Feb 05, 2021 22:04:27.766 [16604:19672:0205/220427.765:ERROR:connection_factory_impl.cc(428)] Failed to connect to MCS endpoint with error -106
Feb 05, 2021 22:04:33.147 [16604:12416:0205/220433.146:ERROR:device_event_log_impl.cc(211)] [22:04:33.145] USB: usb_service_win.cc:258 Failed to get device driver name: Element not found. (0x490)
Feb 05, 2021 22:05:20.152 [16604:19672:0205/220520.151:ERROR:connection_factory_impl.cc(428)] Failed to connect to MCS endpoint with error -106
Feb 05, 2021 22:06:41.825 [16604:19672:0205/220641.824:ERROR:connection_factory_impl.cc(428)] Failed to connect to MCS endpoint with error -106
Feb 05, 2021 22:10:03.76 [16604:19672:0205/221003.076:ERROR:connection_factory_impl.cc(428)] Failed to connect to MCS endpoint with error -106
Feb 05, 2021 22:15:44.123 [16604:19672:0205/221544.122:ERROR:connection_factory_impl.cc(428)] Failed to connect to MCS endpoint with error -106
Feb 05, 2021 22:18:10.367 [6160:14932:0205/221810.366:ERROR:device_event_log_impl.cc(211)] [22:18:10.365] USB: usb_device_handle_win.cc:1049 Failed to read descriptor from node connection: A device attached to the system is not functioning. (0x1F)
Feb 05, 2021 22:18:10.375 [6160:14932:0205/221810.374:ERROR:device_event_log_impl.cc(211)] [22:18:10.373] USB: usb_device_handle_win.cc:1049 Failed to read descriptor from node connection: A device attached to the system is not functioning. (0x1F)
Feb 05, 2021 22:18:10.461 [6160:6992:0205/221810.460:ERROR:connection_factory_impl.cc(428)] Failed to connect to MCS endpoint with error -106
Feb 05, 2021 22:18:10.495 [6160:14932:0205/221810.494:ERROR:device_event_log_impl.cc(211)] [22:18:10.494] Bluetooth: bluetooth_adapter_winrt.cc:1203 Getting Radio failed. Chrome will be unable to change the power state by itself.
Feb 05, 2021 22:18:10.576 [6160:14932:0205/221810.575:ERROR:device_event_log_impl.cc(211)] [22:18:10.575] Bluetooth: bluetooth_adapter_winrt.cc:1296 OnPoweredRadiosEnumerated(), Number of Powered Radios: 0
Feb 05, 2021 22:18:38.725 [6160:6992:0205/221838.724:ERROR:connection_factory_impl.cc(428)] Failed to connect to MCS endpoint with error -106
Feb 05, 2021 22:19:37.421 [6160:6992:0205/221937.419:ERROR:connection_factory_impl.cc(428)] Failed to connect to MCS endpoint with error -106
Feb 05, 2021 22:21:11.277 [6160:6992:0205/222111.275:ERROR:connection_factory_impl.cc(428)] Failed to connect to MCS endpoint with error -106
Feb 05, 2021 22:24:10.851 [6160:6992:0205/222410.850:ERROR:connection_factory_impl.cc(428)] Failed to connect to MCS endpoint with error -106
Feb 05, 2021 22:29:54.685 [6160:6992:0205/222954.684:ERROR:connection_factory_impl.cc(428)] Failed to connect to MCS endpoint with error -106

Feb 06, 2021 24:12:16.330 NEW SESSION
Feb 06, 2021 24:12:16.331 [3156:17380:0206/001216.101:ERROR:device_event_log_impl.cc(211)] [00:12:16.101] USB: usb_device_handle_win.cc:1049 Failed to read descriptor from node connection: A device attached to the system is not functioning. (0x1F)
Feb 06, 2021 24:12:16.357 [3156:17380:0206/001216.106:ERROR:device_event_log_impl.cc(211)] [00:12:16.106] USB: usb_device_handle_win.cc:1049 Failed to read descriptor from node connection: A device attached to the system is not functioning. (0x1F)
Feb 06, 2021 24:12:16.358 [3156:17380:0206/001216.294:ERROR:device_event_log_impl.cc(211)] [00:12:16.294] Bluetooth: bluetooth_adapter_winrt.cc:1203 Getting Radio failed. Chrome will be unable to change the power state by itself.
Feb 06, 2021 24:12:16.394 [3156:17380:0206/001216.389:ERROR:device_event_log_impl.cc(211)] [00:12:16.389] Bluetooth: bluetooth_adapter_winrt.cc:1296 OnPoweredRadiosEnumerated(), Number of Powered Radios: 0

Feb 06, 2021 22:30:24.995 NEW SESSION
Feb 06, 2021 22:30:24.996 [12252:7060:0206/223024.991:ERROR:device_event_log_impl.cc(211)] [22:30:24.991] USB: usb_device_handle_win.cc:1049 Failed to read descriptor from node connection: A device attached to the system is not functioning. (0x1F)
Feb 06, 2021 22:30:25.41 [12252:7060:0206/223025.007:ERROR:device_event_log_impl.cc(211)] [22:30:25.007] USB: usb_device_handle_win.cc:1049 Failed to read descriptor from node connection: A device attached to the system is not functioning. (0x1F)
Feb 06, 2021 22:30:25.43 [12252:7060:0206/223025.014:ERROR:device_event_log_impl.cc(211)] [22:30:25.014] USB: usb_device_handle_win.cc:1049 Failed to read descriptor from node connection: A device attached to the system is not functioning. (0x1F)
Feb 06, 2021 22:30:25.145 [12252:7060:0206/223025.144:ERROR:device_event_log_impl.cc(211)] [22:30:25.144] Bluetooth: bluetooth_adapter_winrt.cc:1203 Getting Radio failed. Chrome will be unable to change the power state by itself.
Feb 06, 2021 22:30:25.229 [12252:7060:0206/223025.228:ERROR:device_event_log_impl.cc(211)] [22:30:25.227] Bluetooth: bluetooth_adapter_winrt.cc:1296 OnPoweredRadiosEnumerated(), Number of Powered Radios: 0
Feb 06, 2021 22:33:05.768 [12252:7060:0206/223305.767:ERROR:device_event_log_impl.cc(211)] [22:33:05.768] Bluetooth: bluetooth_adapter_winrt.cc:1203 Getting Radio failed. Chrome will be unable to change the power state by itself.
Feb 06, 2021 22:33:05.846 [12252:7060:0206/223305.843:ERROR:device_event_log_impl.cc(211)] [22:33:05.843] Bluetooth: bluetooth_adapter_winrt.cc:1296 OnPoweredRadiosEnumerated(), Number of Powered Radios: 0

Feb 08, 2021 09:49:27.908 NEW SESSION
Feb 08, 2021 09:49:27.909 [11660:6600:0208/094927.904:ERROR:device_event_log_impl.cc(211)] [09:49:27.905] USB: usb_device_handle_win.cc:1049 Failed to read descriptor from node connection: A device attached to the system is not functioning. (0x1F)
Feb 08, 2021 09:49:27.953 [11660:6600:0208/094927.911:ERROR:device_event_log_impl.cc(211)] [09:49:27.912] USB: usb_device_handle_win.cc:1049 Failed to read descriptor from node connection: A device attached to the system is not functioning. (0x1F)
Feb 08, 2021 09:49:28.296 [11660:6600:0208/094928.295:ERROR:device_event_log_impl.cc(211)] [09:49:28.295] Bluetooth: bluetooth_adapter_winrt.cc:1203 Getting Radio failed. Chrome will be unable to change the power state by itself.
Feb 08, 2021 09:49:28.519 [11660:6600:0208/094928.518:ERROR:device_event_log_impl.cc(211)] [09:49:28.519] Bluetooth: bluetooth_adapter_winrt.cc:1281 OnPoweredRadioAdded(), Number of Powered Radios: 1
Feb 08, 2021 09:49:28.523 [11660:6600:0208/094928.522:ERROR:device_event_log_impl.cc(211)] [09:49:28.523] Bluetooth: bluetooth_adapter_winrt.cc:1296 OnPoweredRadiosEnumerated(), Number of Powered Radios: 1
Feb 08, 2021 10:45:48.241 [22232:11584:0208/104548.234:ERROR:device_event_log_impl.cc(211)] [10:45:48.234] USB: usb_device_handle_win.cc:1049 Failed to read descriptor from node connection: A device attached to the system is not functioning. (0x1F)
Feb 08, 2021 10:45:48.253 [22232:11584:0208/104548.252:ERROR:device_event_log_impl.cc(211)] [10:45:48.252] USB: usb_device_handle_win.cc:1049 Failed to read descriptor from node connection: A device attached to the system is not functioning. (0x1F)
Feb 08, 2021 10:45:48.255 [22232:11584:0208/104548.253:ERROR:device_event_log_impl.cc(211)] [10:45:48.253] USB: usb_device_handle_win.cc:1049 Failed to read descriptor from node connection: A device attached to the system is not functioning. (0x1F)
Feb 08, 2021 10:45:48.425 [22232:11584:0208/104548.424:ERROR:device_event_log_impl.cc(211)] [10:45:48.424] Bluetooth: bluetooth_adapter_winrt.cc:1203 Getting Radio failed. Chrome will be unable to change the power state by itself.
Feb 08, 2021 10:45:48.540 [22232:11584:0208/104548.538:ERROR:device_event_log_impl.cc(211)] [10:45:48.538] Bluetooth: bluetooth_adapter_winrt.cc:1281 OnPoweredRadioAdded(), Number of Powered Radios: 1
Feb 08, 2021 10:45:48.548 [22232:11584:0208/104548.539:ERROR:device_event_log_impl.cc(211)] [10:45:48.539] Bluetooth: bluetooth_adapter_winrt.cc:1296 OnPoweredRadiosEnumerated(), Number of Powered Radios: 1
Feb 08, 2021 10:47:34.610 [3960:13884:0208/104734.608:ERROR:device_event_log_impl.cc(211)] [10:47:34.609] USB: usb_device_handle_win.cc:1049 Failed to read descriptor from node connection: A device attached to the system is not functioning. (0x1F)
Feb 08, 2021 10:47:34.617 [3960:13884:0208/104734.616:ERROR:device_event_log_impl.cc(211)] [10:47:34.616] USB: usb_device_handle_win.cc:1049 Failed to read descriptor from node connection: A device attached to the system is not functioning. (0x1F)
Feb 08, 2021 10:47:34.764 [3960:13884:0208/104734.763:ERROR:device_event_log_impl.cc(211)] [10:47:34.763] Bluetooth: bluetooth_adapter_winrt.cc:1203 Getting Radio failed. Chrome will be unable to change the power state by itself.
Feb 08, 2021 10:47:34.890 [3960:13884:0208/104734.889:ERROR:device_event_log_impl.cc(211)] [10:47:34.890] Bluetooth: bluetooth_adapter_winrt.cc:1281 OnPoweredRadioAdded(), Number of Powered Radios: 1
Feb 08, 2021 10:47:34.899 [3960:13884:0208/104734.896:ERROR:device_event_log_impl.cc(211)] [10:47:34.896] Bluetooth: bluetooth_adapter_winrt.cc:1296 OnPoweredRadiosEnumerated(), Number of Powered Radios: 1
Feb 08, 2021 10:49:15.171 [16336:18816:0208/104915.170:ERROR:device_event_log_impl.cc(211)] [10:49:15.170] USB: usb_device_handle_win.cc:1049 Failed to read descriptor from node connection: A device attached to the system is not functioning. (0x1F)
Feb 08, 2021 10:49:15.179 [16336:18816:0208/104915.178:ERROR:device_event_log_impl.cc(211)] [10:49:15.178] USB: usb_device_handle_win.cc:1049 Failed to read descriptor from node connection: A device attached to the system is not functioning. (0x1F)
Feb 08, 2021 10:49:15.285 [16336:18816:0208/104915.284:ERROR:device_event_log_impl.cc(211)] [10:49:15.284] Bluetooth: bluetooth_adapter_winrt.cc:1203 Getting Radio failed. Chrome will be unable to change the power state by itself.
Feb 08, 2021 10:49:15.376 [16336:18816:0208/104915.374:ERROR:device_event_log_impl.cc(211)] [10:49:15.374] Bluetooth: bluetooth_adapter_winrt.cc:1281 OnPoweredRadioAdded(), Number of Powered Radios: 1
Feb 08, 2021 10:49:15.378 [16336:18816:0208/104915.377:ERROR:device_event_log_impl.cc(211)] [10:49:15.376] Bluetooth: bluetooth_adapter_winrt.cc:1296 OnPoweredRadiosEnumerated(), Number of Powered Radios: 1
Feb 08, 2021 11:01:24.645 [16428:8768:0208/110124.642:ERROR:device_event_log_impl.cc(211)] [11:01:24.642] USB: usb_device_handle_win.cc:1049 Failed to read descriptor from node connection: A device attached to the system is not functioning. (0x1F)
Feb 08, 2021 11:01:24.667 [16428:8768:0208/110124.666:ERROR:device_event_log_impl.cc(211)] [11:01:24.666] USB: usb_device_handle_win.cc:1049 Failed to read descriptor from node connection: A device attached to the system is not functioning. (0x1F)
Feb 08, 2021 11:01:24.842 [16428:8768:0208/110124.840:ERROR:device_event_log_impl.cc(211)] [11:01:24.840] Bluetooth: bluetooth_adapter_winrt.cc:1203 Getting Radio failed. Chrome will be unable to change the power state by itself.
Feb 08, 2021 11:01:24.990 [16428:8768:0208/110124.988:ERROR:device_event_log_impl.cc(211)] [11:01:24.989] Bluetooth: bluetooth_adapter_winrt.cc:1281 OnPoweredRadioAdded(), Number of Powered Radios: 1
Feb 08, 2021 11:01:24.991 [16428:8768:0208/110124.989:ERROR:device_event_log_impl.cc(211)] [11:01:24.989] Bluetooth: bluetooth_adapter_winrt.cc:1296 OnPoweredRadiosEnumerated(), Number of Powered Radios: 1
Feb 08, 2021 21:07:25.234 [16428:1572:0208/210725.232:ERROR:connection_factory_impl.cc(428)] Failed to connect to MCS endpoint with error -106
Feb 08, 2021 21:07:52.817 [16428:1572:0208/210752.816:ERROR:connection_factory_impl.cc(428)] Failed to connect to MCS endpoint with error -106

Feb 15, 2021 22:29:06.29 NEW SESSION
Feb 15, 2021 22:29:06.29 [10444:17188:0215/222906.024:ERROR:device_event_log_impl.cc(211)] [22:29:06.024] USB: usb_device_handle_win.cc:1049 Failed to read descriptor from node connection: A device attached to the system is not functioning. (0x1F)
Feb 15, 2021 22:29:06.63 [10444:17188:0215/222906.031:ERROR:device_event_log_impl.cc(211)] [22:29:06.031] USB: usb_device_handle_win.cc:1049 Failed to read descriptor from node connection: A device attached to the system is not functioning. (0x1F)
Feb 15, 2021 22:29:07.761 [10444:17188:0215/222907.760:ERROR:device_event_log_impl.cc(211)] [22:29:07.760] Bluetooth: bluetooth_adapter_winrt.cc:1203 Getting Radio failed. Chrome will be unable to change the power state by itself.
Feb 15, 2021 22:29:08.19 [10444:17188:0215/222908.018:ERROR:device_event_log_impl.cc(211)] [22:29:08.017] Bluetooth: bluetooth_adapter_winrt.cc:1296 OnPoweredRadiosEnumerated(), Number of Powered Radios: 0

Feb 19, 2021 23:30:53.279 NEW SESSION
Feb 19, 2021 23:30:53.280 [9688:12368:0219/233053.255:ERROR:device_event_log_impl.cc(211)] [23:30:53.255] USB: usb_device_handle_win.cc:1049 Failed to read descriptor from node connection: A device attached to the system is not functioning. (0x1F)
Feb 19, 2021 23:30:53.318 [9688:12368:0219/233053.259:ERROR:device_event_log_impl.cc(211)] [23:30:53.259] USB: usb_device_handle_win.cc:1049 Failed to read descriptor from node connection: A device attached to the system is not functioning. (0x1F)
Feb 19, 2021 23:30:53.952 [9688:12368:0219/233053.951:ERROR:device_event_log_impl.cc(211)] [23:30:53.951] Bluetooth: bluetooth_adapter_winrt.cc:1203 Getting Radio failed. Chrome will be unable to change the power state by itself.
Feb 19, 2021 23:30:54.234 [9688:12368:0219/233054.232:ERROR:device_event_log_impl.cc(211)] [23:30:54.232] Bluetooth: bluetooth_adapter_winrt.cc:1296 OnPoweredRadiosEnumerated(), Number of Powered Radios: 0
Feb 20, 2021 24:35:07.78 [9688:5928:0220/003507.072:ERROR:connection_factory_impl.cc(428)] Failed to connect to MCS endpoint with error -105
Feb 20, 2021 24:37:26.484 [9688:5928:0220/003726.481:ERROR:connection_factory_impl.cc(428)] Failed to connect to MCS endpoint with error -105
Feb 20, 2021 24:37:33.860 [9688:5928:0220/003733.856:ERROR:connection_factory_impl.cc(428)] Failed to connect to MCS endpoint with error -103

Feb 20, 2021 23:56:18.57 NEW SESSION
Feb 20, 2021 23:56:18.57 [8224:9060:0220/235618.052:ERROR:device_event_log_impl.cc(211)] [23:56:18.051] USB: usb_device_handle_win.cc:1049 Failed to read descriptor from node connection: A device attached to the system is not functioning. (0x1F)
Feb 20, 2021 23:56:18.84 [8224:9060:0220/235618.059:ERROR:device_event_log_impl.cc(211)] [23:56:18.058] USB: usb_device_handle_win.cc:1049 Failed to read descriptor from node connection: A device attached to the system is not functioning. (0x1F)
Feb 20, 2021 23:56:18.170 [8224:9060:0220/235618.169:ERROR:device_event_log_impl.cc(211)] [23:56:18.169] Bluetooth: bluetooth_adapter_winrt.cc:1203 Getting Radio failed. Chrome will be unable to change the power state by itself.
Feb 20, 2021 23:56:18.238 [8224:9060:0220/235618.237:ERROR:device_event_log_impl.cc(211)] [23:56:18.238] Bluetooth: bluetooth_adapter_winrt.cc:1296 OnPoweredRadiosEnumerated(), Number of Powered Radios: 0
Feb 21, 2021 24:12:41.274 [4028:10200:0221/001241.273:ERROR:device_event_log_impl.cc(211)] [00:12:41.273] USB: usb_device_handle_win.cc:1049 Failed to read descriptor from node connection: A device attached to the system is not functioning. (0x1F)
Feb 21, 2021 24:12:41.295 [4028:10200:0221/001241.281:ERROR:device_event_log_impl.cc(211)] [00:12:41.281] USB: usb_device_handle_win.cc:1049 Failed to read descriptor from node connection: A device attached to the system is not functioning. (0x1F)
Feb 21, 2021 24:12:41.434 [4028:10200:0221/001241.433:ERROR:device_event_log_impl.cc(211)] [00:12:41.433] Bluetooth: bluetooth_adapter_winrt.cc:1203 Getting Radio failed. Chrome will be unable to change the power state by itself.
Feb 21, 2021 24:12:41.541 [4028:10200:0221/001241.540:ERROR:device_event_log_impl.cc(211)] [00:12:41.540] Bluetooth: bluetooth_adapter_winrt.cc:1296 OnPoweredRadiosEnumerated(), Number of Powered Radios: 0

Feb 21, 2021 17:32:02.662 NEW SESSION
Feb 21, 2021 17:32:02.663 [4196:12196:0221/173202.659:ERROR:device_event_log_impl.cc(211)] [17:32:02.658] USB: usb_device_handle_win.cc:1049 Failed to read descriptor from node connection: A device attached to the system is not functioning. (0x1F)
Feb 21, 2021 17:32:02.684 [4196:12196:0221/173202.668:ERROR:device_event_log_impl.cc(211)] [17:32:02.668] USB: usb_device_handle_win.cc:1049 Failed to read descriptor from node connection: A device attached to the system is not functioning. (0x1F)
Feb 21, 2021 17:32:05.608 [4196:12196:0221/173205.607:ERROR:device_event_log_impl.cc(211)] [17:32:05.606] Bluetooth: bluetooth_adapter_winrt.cc:1203 Getting Radio failed. Chrome will be unable to change the power state by itself.
Feb 21, 2021 17:32:05.913 [4196:12196:0221/173205.912:ERROR:device_event_log_impl.cc(211)] [17:32:05.912] Bluetooth: bluetooth_adapter_winrt.cc:1296 OnPoweredRadiosEnumerated(), Number of Powered Radios: 0
Feb 21, 2021 18:55:04.450 [4196:12196:0221/185504.446:ERROR:device_event_log_impl.cc(211)] [18:55:04.445] USB: usb_service_win.cc:258 Failed to get device driver name: Element not found. (0x490)

Feb 25, 2021 20:16:57.252 NEW SESSION
Feb 25, 2021 20:16:57.252 [18164:10156:0225/201657.249:ERROR:device_event_log_impl.cc(211)] [20:16:57.249] USB: usb_device_handle_win.cc:1049 Failed to read descriptor from node connection: A device attached to the system is not functioning. (0x1F)
Feb 25, 2021 20:16:57.287 [18164:10156:0225/201657.251:ERROR:device_event_log_impl.cc(211)] [20:16:57.252] USB: usb_device_handle_win.cc:1049 Failed to read descriptor from node connection: A device attached to the system is not functioning. (0x1F)
Feb 25, 2021 20:16:58.773 [18164:10156:0225/201658.772:ERROR:device_event_log_impl.cc(211)] [20:16:58.772] Bluetooth: bluetooth_adapter_winrt.cc:1203 Getting Radio failed. Chrome will be unable to change the power state by itself.
Feb 25, 2021 20:16:59.14 [18164:10156:0225/201659.013:ERROR:device_event_log_impl.cc(211)] [20:16:59.013] Bluetooth: bluetooth_adapter_winrt.cc:1296 OnPoweredRadiosEnumerated(), Number of Powered Radios: 0
Feb 25, 2021 20:32:22.694 [18164:17436:0225/203222.693:ERROR:get_updates_processor.cc(256)] PostClientToServerMessage() failed during GetUpdates with error 2
Feb 25, 2021 20:32:33.600 [18164:7232:0225/203233.598:ERROR:connection_factory_impl.cc(428)] Failed to connect to MCS endpoint with error -105
Feb 25, 2021 20:33:03.323 [18164:7232:0225/203303.322:ERROR:connection_factory_impl.cc(428)] Failed to connect to MCS endpoint with error -105
Feb 25, 2021 20:33:03.334 [18164:17436:0225/203303.331:ERROR:get_updates_processor.cc(256)] PostClientToServerMessage() failed during GetUpdates with error 2
Feb 25, 2021 20:33:16.35 [18164:7232:0225/203316.010:ERROR:connection_factory_impl.cc(428)] Failed to connect to MCS endpoint with error -105
Feb 25, 2021 20:33:16.135 [18164:17436:0225/203316.131:ERROR:get_updates_processor.cc(256)] PostClientToServerMessage() failed during GetUpdates with error 2
Feb 25, 2021 20:33:21.552 [18164:10156:0225/203321.550:ERROR:device_event_log_impl.cc(211)] [20:33:21.549] USB: usb_service_win.cc:258 Failed to get device driver name: Element not found. (0x490)
Feb 25, 2021 20:33:23.551 [18164:7232:0225/203323.531:ERROR:connection_factory_impl.cc(428)] Failed to connect to MCS endpoint with error -105
Feb 25, 2021 20:33:23.684 [18164:17436:0225/203323.615:ERROR:get_updates_processor.cc(256)] PostClientToServerMessage() failed during GetUpdates with error 2
Feb 25, 2021 20:33:44.412 [18164:17436:0225/203344.411:ERROR:get_updates_processor.cc(256)] PostClientToServerMessage() failed during GetUpdates with error 2
Feb 25, 2021 20:33:44.425 [18164:7232:0225/203344.425:ERROR:connection_factory_impl.cc(428)] Failed to connect to MCS endpoint with error -105
Feb 25, 2021 20:33:56.475 [18164:17436:0225/203356.474:ERROR:get_updates_processor.cc(256)] PostClientToServerMessage() failed during GetUpdates with error 2
Feb 25, 2021 20:34:42.646 [18164:7232:0225/203442.645:ERROR:connection_factory_impl.cc(428)] Failed to connect to MCS endpoint with error -105
Feb 25, 2021 20:34:42.647 [18164:17436:0225/203442.647:ERROR:get_updates_processor.cc(256)] PostClientToServerMessage() failed during GetUpdates with error 2
Feb 25, 2021 20:35:29.386 [18164:7232:0225/203529.385:ERROR:connection_factory_impl.cc(428)] Failed to connect to MCS endpoint with error -105
Feb 25, 2021 20:35:29.387 [18164:16632:0225/203529.386:ERROR:get_updates_processor.cc(256)] PostClientToServerMessage() failed during GetUpdates with error 2
Feb 25, 2021 20:35:45.991 [18164:7232:0225/203545.990:ERROR:connection_factory_impl.cc(428)] Failed to connect to MCS endpoint with error -105
Feb 25, 2021 20:35:45.992 [18164:17436:0225/203545.991:ERROR:get_updates_processor.cc(256)] PostClientToServerMessage() failed during GetUpdates with error 2
Feb 25, 2021 20:39:21.389 [18164:7232:0225/203921.387:ERROR:connection_factory_impl.cc(428)] Failed to connect to MCS endpoint with error -105
Feb 25, 2021 20:39:21.413 [18164:17436:0225/203921.410:ERROR:get_updates_processor.cc(256)] PostClientToServerMessage() failed during GetUpdates with error 2
Feb 25, 2021 20:39:31.811 [18164:7232:0225/203931.810:ERROR:connection_factory_impl.cc(428)] Failed to connect to MCS endpoint with error -105
Feb 25, 2021 20:39:31.815 [18164:16632:0225/203931.814:ERROR:get_updates_processor.cc(256)] PostClientToServerMessage() failed during GetUpdates with error 2
Feb 25, 2021 20:39:58.566 [18164:7232:0225/203958.562:ERROR:connection_factory_impl.cc(428)] Failed to connect to MCS endpoint with error -105
Feb 25, 2021 20:39:58.584 [18164:16632:0225/203958.583:ERROR:get_updates_processor.cc(256)] PostClientToServerMessage() failed during GetUpdates with error 2
Feb 25, 2021 20:54:54.397 [18164:7232:0225/205454.357:ERROR:connection_factory_impl.cc(428)] Failed to connect to MCS endpoint with error -105
Feb 25, 2021 20:55:05.312 [18164:7232:0225/205505.310:ERROR:connection_factory_impl.cc(428)] Failed to connect to MCS endpoint with error -105
Feb 25, 2021 20:55:21.900 [18164:7232:0225/205521.899:ERROR:connection_factory_impl.cc(428)] Failed to connect to MCS endpoint with error -105
Feb 25, 2021 20:57:47.34 [18164:10156:0225/205747.033:ERROR:fallback_task_provider.cc(118)] Every renderer should have at least one task provided by a primary task provider. If a fallback task is shown, it is a bug. Please file a new bug and tag it as a dependency of crbug.com/739782.
Feb 25, 2021 21:59:52.870 [18164:7232:0225/215952.869:ERROR:connection_factory_impl.cc(428)] Failed to connect to MCS endpoint with error -105
Feb 25, 2021 22:00:16.368 [18164:7232:0225/220016.368:ERROR:connection_factory_impl.cc(428)] Failed to connect to MCS endpoint with error -105
Feb 25, 2021 22:01:10.987 [18164:7232:0225/220110.987:ERROR:connection_factory_impl.cc(428)] Failed to connect to MCS endpoint with error -105
Feb 25, 2021 22:02:50.511 [18164:7232:0225/220250.509:ERROR:connection_factory_impl.cc(428)] Failed to connect to MCS endpoint with error -105
Feb 25, 2021 22:05:59.270 [18164:7232:0225/220559.269:ERROR:connection_factory_impl.cc(428)] Failed to connect to MCS endpoint with error -105
Feb 25, 2021 22:12:25.375 [18164:7232:0225/221225.374:ERROR:connection_factory_impl.cc(428)] Failed to connect to MCS endpoint with error -105
Feb 25, 2021 22:22:25.387 [18164:7232:0225/222225.386:ERROR:connection_factory_impl.cc(428)] Failed to connect to MCS endpoint with error -105
Feb 25, 2021 22:32:37.455 [18164:7232:0225/223237.453:ERROR:connection_factory_impl.cc(428)] Failed to connect to MCS endpoint with error -105
Feb 25, 2021 22:42:37.465 [18164:7232:0225/224237.464:ERROR:connection_factory_impl.cc(428)] Failed to connect to MCS endpoint with error -105
Feb 25, 2021 22:52:37.468 [18164:7232:0225/225237.467:ERROR:connection_factory_impl.cc(428)] Failed to connect to MCS endpoint with error -105
Feb 25, 2021 22:55:49.411 [18164:7232:0225/225549.409:ERROR:connection_factory_impl.cc(428)] Failed to connect to MCS endpoint with error -105
Feb 25, 2021 22:56:01.446 [18164:7232:0225/225601.446:ERROR:connection_factory_impl.cc(428)] Failed to connect to MCS endpoint with error -105
Feb 25, 2021 23:06:01.466 [18164:7232:0225/230601.465:ERROR:connection_factory_impl.cc(428)] Failed to connect to MCS endpoint with error -105
Feb 25, 2021 23:16:01.484 [18164:7232:0225/231601.483:ERROR:connection_factory_impl.cc(428)] Failed to connect to MCS endpoint with error -105
Feb 25, 2021 23:26:01.488 [18164:7232:0225/232601.487:ERROR:connection_factory_impl.cc(428)] Failed to connect to MCS endpoint with error -105
Feb 25, 2021 23:36:01.494 [18164:7232:0225/233601.493:ERROR:connection_factory_impl.cc(428)] Failed to connect to MCS endpoint with error -105

Feb 26, 2021 24:50:04.409 NEW SESSION
Feb 26, 2021 24:50:04.410 [3620:11720:0226/005004.399:ERROR:device_event_log_impl.cc(211)] [00:50:04.398] USB: usb_device_handle_win.cc:1049 Failed to read descriptor from node connection: A device attached to the system is not functioning. (0x1F)
Feb 26, 2021 24:50:04.413 [3620:11720:0226/005004.407:ERROR:device_event_log_impl.cc(211)] [00:50:04.407] USB: usb_device_handle_win.cc:1049 Failed to read descriptor from node connection: A device attached to the system is not functioning. (0x1F)
Feb 26, 2021 24:50:04.564 [3620:11720:0226/005004.563:ERROR:device_event_log_impl.cc(211)] [00:50:04.563] Bluetooth: bluetooth_adapter_winrt.cc:1203 Getting Radio failed. Chrome will be unable to change the power state by itself.
Feb 26, 2021 24:50:04.717 [3620:11720:0226/005004.716:ERROR:device_event_log_impl.cc(211)] [00:50:04.716] Bluetooth: bluetooth_adapter_winrt.cc:1296 OnPoweredRadiosEnumerated(), Number of Powered Radios: 0
Feb 26, 2021 24:50:10.908 [3620:17056:0226/005010.907:ERROR:connection_factory_impl.cc(428)] Failed to connect to MCS endpoint with error -105
Feb 26, 2021 24:50:41.14 [3620:17056:0226/005041.013:ERROR:connection_factory_impl.cc(428)] Failed to connect to MCS endpoint with error -105
Feb 26, 2021 24:51:41.142 [3620:17056:0226/005141.141:ERROR:connection_factory_impl.cc(428)] Failed to connect to MCS endpoint with error -105
Feb 26, 2021 24:53:32.10 [3620:17056:0226/005332.009:ERROR:connection_factory_impl.cc(428)] Failed to connect to MCS endpoint with error -105
Feb 26, 2021 24:56:16.66 [3620:17056:0226/005616.065:ERROR:connection_factory_impl.cc(428)] Failed to connect to MCS endpoint with error -105
Feb 26, 2021 01:02:59.226 [3620:17056:0226/010259.225:ERROR:connection_factory_impl.cc(428)] Failed to connect to MCS endpoint with error -105
Feb 26, 2021 01:12:59.232 [3620:17056:0226/011259.231:ERROR:connection_factory_impl.cc(428)] Failed to connect to MCS endpoint with error -105
Feb 26, 2021 01:22:59.241 [3620:17056:0226/012259.239:ERROR:connection_factory_impl.cc(428)] Failed to connect to MCS endpoint with error -105

Feb 26, 2021 14:03:14.37 NEW SESSION
Feb 26, 2021 14:03:14.38 [17248:15516:0226/140314.032:ERROR:device_event_log_impl.cc(211)] [14:03:14.032] USB: usb_device_handle_win.cc:1049 Failed to read descriptor from node connection: A device attached to the system is not functioning. (0x1F)
Feb 26, 2021 14:03:14.69 [17248:15516:0226/140314.042:ERROR:device_event_log_impl.cc(211)] [14:03:14.042] USB: usb_device_handle_win.cc:1049 Failed to read descriptor from node connection: A device attached to the system is not functioning. (0x1F)
Feb 26, 2021 14:03:14.172 [17248:15516:0226/140314.171:ERROR:device_event_log_impl.cc(211)] [14:03:14.171] Bluetooth: bluetooth_adapter_winrt.cc:1203 Getting Radio failed. Chrome will be unable to change the power state by itself.
Feb 26, 2021 14:03:14.248 [17248:15516:0226/140314.247:ERROR:device_event_log_impl.cc(211)] [14:03:14.247] Bluetooth: bluetooth_adapter_winrt.cc:1296 OnPoweredRadiosEnumerated(), Number of Powered Radios: 0
Feb 26, 2021 14:03:14.496 [17248:4092:0226/140314.495:ERROR:connection_factory_impl.cc(428)] Failed to connect to MCS endpoint with error -106
Feb 26, 2021 14:03:44.66 [17248:4092:0226/140344.064:ERROR:connection_factory_impl.cc(428)] Failed to connect to MCS endpoint with error -106
Feb 26, 2021 14:04:30.999 [17248:4092:0226/140430.998:ERROR:connection_factory_impl.cc(428)] Failed to connect to MCS endpoint with error -106
Feb 26, 2021 14:06:22.911 [17248:4092:0226/140622.910:ERROR:connection_factory_impl.cc(428)] Failed to connect to MCS endpoint with error -106
Feb 26, 2021 14:09:17.683 [17248:4092:0226/140917.681:ERROR:connection_factory_impl.cc(428)] Failed to connect to MCS endpoint with error -106
Feb 26, 2021 14:18:23.20 [17248:4092:0226/141823.019:ERROR:connection_factory_impl.cc(428)] Failed to connect to MCS endpoint with error -106
Feb 26, 2021 14:28:23.37 [17248:4092:0226/142823.036:ERROR:connection_factory_impl.cc(428)] Failed to connect to MCS endpoint with error -106
Feb 26, 2021 15:18:26.650 [17248:4092:0226/151826.648:ERROR:connection_factory_impl.cc(428)] Failed to connect to MCS endpoint with error -106
Feb 26, 2021 17:35:16.860 [17248:4092:0226/173516.840:ERROR:connection_factory_impl.cc(428)] Failed to connect to MCS endpoint with error -106
Feb 26, 2021 18:06:15.832 [17248:4092:0226/180615.832:ERROR:connection_factory_impl.cc(428)] Failed to connect to MCS endpoint with error -105
Feb 26, 2021 18:06:20.370 [17248:4092:0226/180620.365:ERROR:connection_factory_impl.cc(428)] Failed to connect to MCS endpoint with error -105
Feb 26, 2021 18:06:25.852 [17248:4092:0226/180625.833:ERROR:connection_factory_impl.cc(428)] Failed to connect to MCS endpoint with error -105
Feb 26, 2021 18:06:38.152 [17248:4092:0226/180638.141:ERROR:connection_factory_impl.cc(428)] Failed to connect to MCS endpoint with error -105
Feb 26, 2021 18:06:40.522 [17248:4092:0226/180640.522:ERROR:connection_factory_impl.cc(428)] Failed to connect to MCS endpoint with error -106
Feb 26, 2021 18:06:40.877 [17248:15516:0226/180640.876:ERROR:device_event_log_impl.cc(211)] [18:06:40.877] USB: usb_service_win.cc:258 Failed to get device driver name: Element not found. (0x490)

Feb 26, 2021 21:15:45.213 NEW SESSION
Feb 26, 2021 21:15:45.214 [3616:17908:0226/211545.208:ERROR:device_event_log_impl.cc(211)] [21:15:45.208] USB: usb_device_handle_win.cc:1049 Failed to read descriptor from node connection: A device attached to the system is not functioning. (0x1F)
Feb 26, 2021 21:15:45.518 [3616:17908:0226/211545.211:ERROR:device_event_log_impl.cc(211)] [21:15:45.211] USB: usb_device_handle_win.cc:1049 Failed to read descriptor from node connection: A device attached to the system is not functioning. (0x1F)
Feb 26, 2021 21:15:45.519 [3616:17908:0226/211545.212:ERROR:device_event_log_impl.cc(211)] [21:15:45.212] USB: usb_device_handle_win.cc:1049 Failed to read descriptor from node connection: A device attached to the system is not functioning. (0x1F)
Feb 26, 2021 21:15:45.520 [3616:17908:0226/211545.324:ERROR:device_event_log_impl.cc(211)] [21:15:45.324] Bluetooth: bluetooth_adapter_winrt.cc:1203 Getting Radio failed. Chrome will be unable to change the power state by itself.
Feb 26, 2021 21:15:45.521 [3616:17908:0226/211545.392:ERROR:device_event_log_impl.cc(211)] [21:15:45.393] Bluetooth: bluetooth_adapter_winrt.cc:1296 OnPoweredRadiosEnumerated(), Number of Powered Radios: 0
Feb 26, 2021 21:28:32.47 [3616:1924:0226/212832.040:ERROR:connection_factory_impl.cc(428)] Failed to connect to MCS endpoint with error -105
Feb 26, 2021 21:28:36.113 [3616:1924:0226/212836.112:ERROR:connection_factory_impl.cc(428)] Failed to connect to MCS endpoint with error -105
Feb 26, 2021 21:28:39.154 [3616:1924:0226/212839.153:ERROR:connection_factory_impl.cc(428)] Failed to connect to MCS endpoint with error -105
Feb 26, 2021 21:28:46.107 [3616:1924:0226/212846.106:ERROR:connection_factory_impl.cc(428)] Failed to connect to MCS endpoint with error -105
Feb 26, 2021 21:28:58.656 [3616:1924:0226/212858.656:ERROR:connection_factory_impl.cc(428)] Failed to connect to MCS endpoint with error -106
Feb 26, 2021 21:29:02.142 [3616:17908:0226/212902.141:ERROR:device_event_log_impl.cc(211)] [21:29:02.142] USB: usb_service_win.cc:258 Failed to get device driver name: Element not found. (0x490)
Feb 26, 2021 21:29:06.901 [3616:1924:0226/212906.900:ERROR:connection_factory_impl.cc(428)] Failed to connect to MCS endpoint with error -105
Feb 26, 2021 21:29:12.584 [3616:1924:0226/212912.583:ERROR:connection_factory_impl.cc(428)] Failed to connect to MCS endpoint with error -105
Feb 26, 2021 21:29:47.596 [3616:1924:0226/212947.595:ERROR:connection_factory_impl.cc(428)] Failed to connect to MCS endpoint with error -105
Feb 26, 2021 21:30:10.609 [3616:1924:0226/213010.608:ERROR:connection_factory_impl.cc(428)] Failed to connect to MCS endpoint with error -106

Feb 27, 2021 14:47:27.260 NEW SESSION
Feb 27, 2021 14:47:27.261 [9356:12136:0227/144727.255:ERROR:device_event_log_impl.cc(211)] [14:47:27.255] USB: usb_device_handle_win.cc:1049 Failed to read descriptor from node connection: A device attached to the system is not functioning. (0x1F)
Feb 27, 2021 14:47:27.288 [9356:12136:0227/144727.267:ERROR:device_event_log_impl.cc(211)] [14:47:27.267] USB: usb_device_handle_win.cc:1049 Failed to read descriptor from node connection: A device attached to the system is not functioning. (0x1F)
Feb 27, 2021 14:47:27.402 [9356:12136:0227/144727.401:ERROR:device_event_log_impl.cc(211)] [14:47:27.401] Bluetooth: bluetooth_adapter_winrt.cc:1203 Getting Radio failed. Chrome will be unable to change the power state by itself.
Feb 27, 2021 14:47:27.482 [9356:12136:0227/144727.481:ERROR:device_event_log_impl.cc(211)] [14:47:27.482] Bluetooth: bluetooth_adapter_winrt.cc:1296 OnPoweredRadiosEnumerated(), Number of Powered Radios: 0
Feb 27, 2021 14:50:48.152 [2340:12268:0227/145048.150:ERROR:device_event_log_impl.cc(211)] [14:50:48.151] USB: usb_device_handle_win.cc:1049 Failed to read descriptor from node connection: A device attached to the system is not functioning. (0x1F)
Feb 27, 2021 14:50:48.159 [2340:12268:0227/145048.158:ERROR:device_event_log_impl.cc(211)] [14:50:48.158] USB: usb_device_handle_win.cc:1049 Failed to read descriptor from node connection: A device attached to the system is not functioning. (0x1F)
Feb 27, 2021 14:50:48.302 [2340:12268:0227/145048.301:ERROR:device_event_log_impl.cc(211)] [14:50:48.301] Bluetooth: bluetooth_adapter_winrt.cc:1203 Getting Radio failed. Chrome will be unable to change the power state by itself.
Feb 27, 2021 14:50:48.404 [2340:12268:0227/145048.403:ERROR:device_event_log_impl.cc(211)] [14:50:48.403] Bluetooth: bluetooth_adapter_winrt.cc:1296 OnPoweredRadiosEnumerated(), Number of Powered Radios: 0

Feb 27, 2021 23:15:56.740 NEW SESSION
Feb 27, 2021 23:15:56.740 [12292:6664:0227/231556.735:ERROR:device_event_log_impl.cc(211)] [23:15:56.735] USB: usb_device_handle_win.cc:1049 Failed to read descriptor from node connection: A device attached to the system is not functioning. (0x1F)
Feb 27, 2021 23:15:56.800 [12292:6664:0227/231556.745:ERROR:device_event_log_impl.cc(211)] [23:15:56.744] USB: usb_device_handle_win.cc:1049 Failed to read descriptor from node connection: A device attached to the system is not functioning. (0x1F)
Feb 27, 2021 23:15:57.643 [12292:6664:0227/231557.642:ERROR:device_event_log_impl.cc(211)] [23:15:57.641] Bluetooth: bluetooth_adapter_winrt.cc:1203 Getting Radio failed. Chrome will be unable to change the power state by itself.
Feb 27, 2021 23:15:57.941 [12292:6664:0227/231557.940:ERROR:device_event_log_impl.cc(211)] [23:15:57.940] Bluetooth: bluetooth_adapter_winrt.cc:1296 OnPoweredRadiosEnumerated(), Number of Powered Radios: 0

Mar 01, 2021 09:41:35.42 NEW SESSION
Mar 01, 2021 09:41:35.43 [15320:5708:0301/094135.037:ERROR:device_event_log_impl.cc(211)] [09:41:35.037] USB: usb_device_handle_win.cc:1049 Failed to read descriptor from node connection: A device attached to the system is not functioning. (0x1F)
Mar 01, 2021 09:41:35.85 [15320:5708:0301/094135.044:ERROR:device_event_log_impl.cc(211)] [09:41:35.044] USB: usb_device_handle_win.cc:1049 Failed to read descriptor from node connection: A device attached to the system is not functioning. (0x1F)
Mar 01, 2021 09:41:35.158 [15320:5708:0301/094135.157:ERROR:device_event_log_impl.cc(211)] [09:41:35.158] Bluetooth: bluetooth_adapter_winrt.cc:1203 Getting Radio failed. Chrome will be unable to change the power state by itself.
Mar 01, 2021 09:41:35.236 [15320:5708:0301/094135.234:ERROR:device_event_log_impl.cc(211)] [09:41:35.234] Bluetooth: bluetooth_adapter_winrt.cc:1296 OnPoweredRadiosEnumerated(), Number of Powered Radios: 0
